<?xml version="1.0" encoding="UTF-8"?>
<!-- Generated by org.testng.reporters.JUnitReportReporter -->
<testsuite skipped="0" hostname="FI-VDI-C0000018" name="regressionPack_1.TC001_Extent_InitialSetup" tests="1" failures="0" timestamp="21 Jun 2017 06:56:20 GMT" time="0.008" errors="0">
  <testcase name="tc001" time="0.008" classname="regressionPack_1.TC001_Extent_InitialSetup"/>
</testsuite> <!-- regressionPack_1.TC001_Extent_InitialSetup -->
