<?xml version="1.0" encoding="UTF-8"?>
<!-- Generated by org.testng.reporters.JUnitReportReporter -->
<testsuite skipped="0" hostname="FI-VDI-C0000018" name="regressionPack_1.TC002_Extent_SuiteTest" tests="1" failures="0" timestamp="21 Jun 2017 06:56:20 GMT" time="0.021" errors="0">
  <testcase name="tc002" time="0.021" classname="regressionPack_1.TC002_Extent_SuiteTest"/>
</testsuite> <!-- regressionPack_1.TC002_Extent_SuiteTest -->
